\BOOKMARK [1][-]{section.1}{\376\377\000V\000e\000c\000t\000o\000r\000s}{}% 1
\BOOKMARK [2][-]{subsection.1.1}{\376\377\000V\000e\000c\000t\000o\000r\000\040\000D\000e\000f\000i\000n\000i\000t\000i\000o\000n}{section.1}% 2
\BOOKMARK [2][-]{subsection.1.2}{\376\377\000V\000e\000c\000t\000o\000r\000\040\000O\000p\000e\000r\000a\000t\000i\000o\000n\000s}{section.1}% 3
\BOOKMARK [3][-]{subsubsection.1.2.1}{\376\377\000A\000d\000d\000i\000t\000i\000o\000n}{subsection.1.2}% 4
\BOOKMARK [3][-]{subsubsection.1.2.2}{\376\377\000S\000c\000a\000l\000a\000r\000\040\000M\000u\000l\000t\000i\000p\000l\000i\000c\000a\000t\000i\000o\000n}{subsection.1.2}% 5
\BOOKMARK [3][-]{subsubsection.1.2.3}{\376\377\000D\000o\000t\000\040\000P\000r\000o\000d\000u\000c\000t\000\040\000/\000\040\000S\000c\000a\000l\000a\000r\000\040\000P\000r\000o\000d\000u\000c\000t}{subsection.1.2}% 6
\BOOKMARK [1][-]{section.2}{\376\377\000L\000i\000n\000e\000a\000r\000\040\000D\000e\000p\000e\000n\000d\000e\000n\000c\000e\000\040\000/\000\040\000I\000n\000d\000e\000p\000e\000n\000d\000e\000n\000c\000e}{}% 7
\BOOKMARK [2][-]{subsection.2.1}{\376\377\000L\000i\000n\000e\000a\000r\000\040\000C\000o\000m\000b\000i\000n\000a\000t\000i\000o\000n}{section.2}% 8
\BOOKMARK [2][-]{subsection.2.2}{\376\377\000L\000i\000n\000e\000a\000r\000\040\000D\000e\000p\000e\000n\000d\000e\000n\000c\000e}{section.2}% 9
\BOOKMARK [1][-]{section.3}{\376\377\000M\000a\000t\000r\000i\000c\000e\000s}{}% 10
\BOOKMARK [2][-]{subsection.3.1}{\376\377\000M\000a\000t\000r\000i\000x\000\040\000M\000u\000l\000t\000i\000p\000l\000i\000c\000a\000t\000i\000o\000n}{section.3}% 11
\BOOKMARK [2][-]{subsection.3.2}{\376\377\000D\000e\000t\000e\000r\000m\000i\000n\000a\000n\000t\000\040\000o\000f\000\040\000a\000\040\000M\000a\000t\000r\000i\000x}{section.3}% 12
\BOOKMARK [2][-]{subsection.3.3}{\376\377\000P\000r\000o\000p\000e\000r\000t\000i\000e\000s\000\040\000o\000f\000\040\000D\000e\000t\000e\000r\000m\000i\000n\000a\000n\000t\000s}{section.3}% 13
\BOOKMARK [1][-]{section.4}{\376\377\000D\000e\000t\000e\000r\000m\000i\000n\000a\000n\000t\000s\000\040\000a\000n\000d\000\040\000O\000d\000d\000-\000E\000v\000e\000n\000\040\000P\000e\000r\000m\000u\000t\000a\000t\000i\000o\000n\000s}{}% 14
\BOOKMARK [2][-]{subsection.4.1}{\376\377\000P\000e\000r\000m\000u\000t\000a\000t\000i\000o\000n\000s}{section.4}% 15
\BOOKMARK [2][-]{subsection.4.2}{\376\377\000O\000d\000d\000\040\000a\000n\000d\000\040\000E\000v\000e\000n\000\040\000P\000e\000r\000m\000u\000t\000a\000t\000i\000o\000n\000s}{section.4}% 16
\BOOKMARK [2][-]{subsection.4.3}{\376\377\000E\000f\000f\000e\000c\000t\000\040\000o\000n\000\040\000D\000e\000t\000e\000r\000m\000i\000n\000a\000n\000t}{section.4}% 17
\BOOKMARK [2][-]{subsection.4.4}{\376\377\000C\000o\000m\000p\000u\000t\000i\000n\000g\000\040\000D\000e\000t\000e\000r\000m\000i\000n\000a\000n\000t\000s\000\040\000U\000s\000i\000n\000g\000\040\000P\000e\000r\000m\000u\000t\000a\000t\000i\000o\000n\000s}{section.4}% 18
\BOOKMARK [2][-]{subsection.4.5}{\376\377\000R\000o\000w\000\040\000a\000n\000d\000\040\000C\000o\000l\000u\000m\000n\000\040\000S\000w\000a\000p\000s}{section.4}% 19
\BOOKMARK [1][-]{section.5}{\376\377\000L\000i\000n\000e\000a\000r\000\040\000E\000q\000u\000a\000t\000i\000o\000n\000s}{}% 20
\BOOKMARK [2][-]{subsection.5.1}{\376\377\000S\000y\000s\000t\000e\000m\000\040\000o\000f\000\040\000L\000i\000n\000e\000a\000r\000\040\000E\000q\000u\000a\000t\000i\000o\000n\000s}{section.5}% 21
\BOOKMARK [3][-]{subsubsection.5.1.1}{\376\377\000C\000r\000a\000m\000e\000r\000'\000s\000\040\000R\000u\000l\000e}{subsection.5.1}% 22
\BOOKMARK [1][-]{section.6}{\376\377\000V\000e\000c\000t\000o\000r\000\040\000S\000p\000a\000c\000e\000s}{}% 23
\BOOKMARK [1][-]{section.7}{\376\377\000L\000i\000n\000e\000a\000r\000\040\000T\000r\000a\000n\000s\000f\000o\000r\000m\000a\000t\000i\000o\000n\000s}{}% 24
\BOOKMARK [1][-]{section.8}{\376\377\000M\000u\000l\000t\000i\000v\000a\000r\000i\000a\000b\000l\000e\000\040\000C\000a\000l\000c\000u\000l\000u\000s}{}% 25
\BOOKMARK [2][-]{subsection.8.1}{\376\377\000E\000x\000a\000m\000p\000l\000e\000s}{section.8}% 26
